2024-01-29T00:00:43.251+09:00  INFO 20320 --- [restartedMain] com.spoparty.GroupCallApplication        : Starting GroupCallApplication using Java 17 with PID 20320 (C:\workspace\S10P12A802\backend\build\classes\java\main started by gyfl5 in C:\workspace\S10P12A802)
2024-01-29T00:00:43.255+09:00  INFO 20320 --- [restartedMain] com.spoparty.GroupCallApplication        : No active profile set, falling back to 1 default profile: "private"
2024-01-29T00:00:43.296+09:00  INFO 20320 --- [restartedMain] .e.DevToolsPropertyDefaultsPostProcessor : Devtools property defaults active! Set 'spring.devtools.add-properties' to 'false' to disable
2024-01-29T00:00:43.296+09:00  INFO 20320 --- [restartedMain] .e.DevToolsPropertyDefaultsPostProcessor : For additional web related logging consider setting the 'logging.level.web' property to 'DEBUG'
2024-01-29T00:00:43.922+09:00  INFO 20320 --- [restartedMain] .s.d.r.c.RepositoryConfigurationDelegate : Bootstrapping Spring Data JPA repositories in DEFAULT mode.
2024-01-29T00:00:44.012+09:00  INFO 20320 --- [restartedMain] .s.d.r.c.RepositoryConfigurationDelegate : Finished Spring Data repository scanning in 86 ms. Found 18 JPA repository interfaces.
2024-01-29T00:00:44.410+09:00  INFO 20320 --- [restartedMain] o.s.b.w.embedded.tomcat.TomcatWebServer  : Tomcat initialized with port(s): 9090 (http)
2024-01-29T00:00:44.417+09:00  INFO 20320 --- [restartedMain] o.apache.catalina.core.StandardService   : Starting service [Tomcat]
2024-01-29T00:00:44.417+09:00  INFO 20320 --- [restartedMain] o.apache.catalina.core.StandardEngine    : Starting Servlet engine: [Apache Tomcat/10.1.1]
2024-01-29T00:00:44.459+09:00  INFO 20320 --- [restartedMain] o.a.c.c.C.[Tomcat].[localhost].[/]       : Initializing Spring embedded WebApplicationContext
2024-01-29T00:00:44.460+09:00  INFO 20320 --- [restartedMain] w.s.c.ServletWebServerApplicationContext : Root WebApplicationContext: initialization completed in 1164 ms
2024-01-29T00:00:44.537+09:00 DEBUG 20320 --- [restartedMain] o.s.w.f.ServerHttpObservationFilter      : Filter 'serverHttpObservationFilter' configured for use
2024-01-29T00:00:44.537+09:00 DEBUG 20320 --- [restartedMain] o.s.web.filter.CharacterEncodingFilter   : Filter 'characterEncodingFilter' configured for use
2024-01-29T00:00:44.596+09:00  INFO 20320 --- [restartedMain] o.hibernate.jpa.internal.util.LogHelper  : HHH000204: Processing PersistenceUnitInfo [name: default]
2024-01-29T00:00:44.627+09:00  INFO 20320 --- [restartedMain] org.hibernate.Version                    : HHH000412: Hibernate ORM core version 6.1.5.Final
2024-01-29T00:00:44.743+09:00  WARN 20320 --- [restartedMain] org.hibernate.orm.deprecation            : HHH90000021: Encountered deprecated setting [javax.persistence.sharedCache.mode], use [jakarta.persistence.sharedCache.mode] instead
2024-01-29T00:00:44.801+09:00  INFO 20320 --- [restartedMain] com.zaxxer.hikari.HikariDataSource       : HikariPool-1 - Starting...
2024-01-29T00:00:44.892+09:00  INFO 20320 --- [restartedMain] com.zaxxer.hikari.pool.HikariPool        : HikariPool-1 - Added connection org.mariadb.jdbc.MariaDbConnection@7e38dd9d
2024-01-29T00:00:44.894+09:00  INFO 20320 --- [restartedMain] com.zaxxer.hikari.HikariDataSource       : HikariPool-1 - Start completed.
2024-01-29T00:00:44.923+09:00  INFO 20320 --- [restartedMain] SQL dialect                              : HHH000400: Using dialect: org.hibernate.dialect.MariaDBDialect
2024-01-29T00:00:45.689+09:00  INFO 20320 --- [restartedMain] o.h.e.t.j.p.i.JtaPlatformInitiator       : HHH000490: Using JtaPlatform implementation: [org.hibernate.engine.transaction.jta.platform.internal.NoJtaPlatform]
2024-01-29T00:00:45.693+09:00  INFO 20320 --- [restartedMain] j.LocalContainerEntityManagerFactoryBean : Initialized JPA EntityManagerFactory for persistence unit 'default'
2024-01-29T00:00:46.114+09:00  INFO 20320 --- [restartedMain] c.s.api.member.service.EmailService      : EmailService 생성
2024-01-29T00:00:46.224+09:00  WARN 20320 --- [restartedMain] JpaBaseConfiguration$JpaWebConfiguration : spring.jpa.open-in-view is enabled by default. Therefore, database queries may be performed during view rendering. Explicitly configure spring.jpa.open-in-view to disable this warning
2024-01-29T00:00:46.270+09:00  INFO 20320 --- [restartedMain] com.spoparty.config.SecurityConfig       : filterChain 실행
2024-01-29T00:00:46.282+09:00  INFO 20320 --- [restartedMain] com.spoparty.config.SecurityConfig       : AuthenticationManager 생성
2024-01-29T00:00:46.285+09:00  INFO 20320 --- [restartedMain] c.s.s.jwt.JwtAuthenticationFilter        : JwtAuthenticationFilter 생성
2024-01-29T00:00:46.286+09:00  INFO 20320 --- [restartedMain] c.s.security.jwt.JwtAuthorizationFilter  : JwtAuthorizationFilter 생성
2024-01-29T00:00:46.333+09:00 DEBUG 20320 --- [restartedMain] s.w.s.m.m.a.RequestMappingHandlerMapping : 85 mappings in 'requestMappingHandlerMapping'
2024-01-29T00:00:46.436+09:00  INFO 20320 --- [restartedMain] o.s.b.a.e.web.EndpointLinksResolver      : Exposing 1 endpoint(s) beneath base path '/actuator'
2024-01-29T00:00:46.473+09:00  INFO 20320 --- [restartedMain] o.s.s.web.DefaultSecurityFilterChain     : Will secure any request with [org.springframework.security.web.session.DisableEncodeUrlFilter@619db119, org.springframework.security.web.context.request.async.WebAsyncManagerIntegrationFilter@767053ee, org.springframework.security.web.context.SecurityContextHolderFilter@44a5818a, org.springframework.security.web.header.HeaderWriterFilter@68abf54, org.springframework.security.web.authentication.logout.LogoutFilter@3cc0cda7, org.springframework.security.oauth2.client.web.OAuth2AuthorizationRequestRedirectFilter@306ad87e, org.springframework.security.oauth2.client.web.OAuth2LoginAuthenticationFilter@735c94d0, com.spoparty.security.jwt.JwtAuthorizationFilter@7c9e30e3, com.spoparty.security.jwt.JwtAuthenticationFilter@6a5f604d, org.springframework.security.web.savedrequest.RequestCacheAwareFilter@2a9bf1a0, org.springframework.security.web.servletapi.SecurityContextHolderAwareRequestFilter@6c04cfc6, org.springframework.security.web.authentication.AnonymousAuthenticationFilter@66c60166, org.springframework.security.web.session.SessionManagementFilter@5d51925f, org.springframework.security.web.access.ExceptionTranslationFilter@69d2ff13, org.springframework.security.web.access.intercept.AuthorizationFilter@1574a37d]
2024-01-29T00:00:46.515+09:00 DEBUG 20320 --- [restartedMain] s.w.s.m.m.a.RequestMappingHandlerAdapter : ControllerAdvice beans: 0 @ModelAttribute, 0 @InitBinder, 1 RequestBodyAdvice, 1 ResponseBodyAdvice
2024-01-29T00:00:46.533+09:00 DEBUG 20320 --- [restartedMain] .m.m.a.ExceptionHandlerExceptionResolver : ControllerAdvice beans: 1 @ExceptionHandler, 1 ResponseBodyAdvice
2024-01-29T00:00:46.703+09:00  INFO 20320 --- [restartedMain] o.s.b.d.a.OptionalLiveReloadServer       : LiveReload server is running on port 35729
2024-01-29T00:00:46.743+09:00  INFO 20320 --- [restartedMain] o.s.b.w.embedded.tomcat.TomcatWebServer  : Tomcat started on port(s): 9090 (http) with context path ''
2024-01-29T00:00:46.754+09:00  INFO 20320 --- [restartedMain] com.spoparty.GroupCallApplication        : Started GroupCallApplication in 3.775 seconds (process running for 4.173)
2024-01-29T00:00:47.264+09:00  INFO 20320 --- [RMI TCP Connection(2)-192.168.45.183] o.a.c.c.C.[Tomcat].[localhost].[/]       : Initializing Spring DispatcherServlet 'dispatcherServlet'
2024-01-29T00:00:47.264+09:00  INFO 20320 --- [RMI TCP Connection(2)-192.168.45.183] o.s.web.servlet.DispatcherServlet        : Initializing Servlet 'dispatcherServlet'
2024-01-29T00:00:47.264+09:00 DEBUG 20320 --- [RMI TCP Connection(2)-192.168.45.183] o.s.web.servlet.DispatcherServlet        : Detected StandardServletMultipartResolver
2024-01-29T00:00:47.264+09:00 DEBUG 20320 --- [RMI TCP Connection(2)-192.168.45.183] o.s.web.servlet.DispatcherServlet        : Detected AcceptHeaderLocaleResolver
2024-01-29T00:00:47.264+09:00 DEBUG 20320 --- [RMI TCP Connection(2)-192.168.45.183] o.s.web.servlet.DispatcherServlet        : Detected FixedThemeResolver
2024-01-29T00:00:47.266+09:00 DEBUG 20320 --- [RMI TCP Connection(2)-192.168.45.183] o.s.web.servlet.DispatcherServlet        : Detected org.springframework.web.servlet.view.DefaultRequestToViewNameTranslator@771ed039
2024-01-29T00:00:47.266+09:00 DEBUG 20320 --- [RMI TCP Connection(2)-192.168.45.183] o.s.web.servlet.DispatcherServlet        : Detected org.springframework.web.servlet.support.SessionFlashMapManager@44635513
2024-01-29T00:00:47.266+09:00 DEBUG 20320 --- [RMI TCP Connection(2)-192.168.45.183] o.s.web.servlet.DispatcherServlet        : enableLoggingRequestDetails='false': request parameters and headers will be masked to prevent unsafe logging of potentially sensitive data
2024-01-29T00:00:47.266+09:00  INFO 20320 --- [RMI TCP Connection(2)-192.168.45.183] o.s.web.servlet.DispatcherServlet        : Completed initialization in 2 ms
2024-01-29T00:00:52.134+09:00  INFO 20320 --- [http-nio-9090-exec-5] c.s.security.jwt.JwtAuthorizationFilter  : JwtAuthorizationFilter.doFilterInternal() : 인증 및 권한 확인
2024-01-29T00:00:52.135+09:00  INFO 20320 --- [http-nio-9090-exec-5] c.s.security.jwt.JwtAuthorizationFilter  : jwtHeader: null
2024-01-29T00:00:52.135+09:00 ERROR 20320 --- [http-nio-9090-exec-5] c.s.security.jwt.JwtAuthorizationFilter  : 권한없음!!!!
2024-01-29T00:00:52.147+09:00 DEBUG 20320 --- [http-nio-9090-exec-5] s.w.s.m.m.a.RequestMappingHandlerMapping : Mapped to com.spoparty.api.football.controller.LeagueController#showLeagueByTeamRank(Optional)
2024-01-29T00:00:52.148+09:00 DEBUG 20320 --- [http-nio-9090-exec-5] s.w.s.m.m.a.RequestMappingHandlerMapping : Mapped to com.spoparty.api.football.controller.LeagueController#showLeagueByTeamRank(Optional)
2024-01-29T00:00:52.148+09:00 DEBUG 20320 --- [http-nio-9090-exec-5] s.w.s.m.m.a.RequestMappingHandlerMapping : Mapped to com.spoparty.api.football.controller.LeagueController#showLeagueByTeamRank(Optional)
2024-01-29T00:00:52.149+09:00 DEBUG 20320 --- [http-nio-9090-exec-5] s.w.s.m.m.a.RequestMappingHandlerMapping : Mapped to com.spoparty.api.football.controller.LeagueController#showLeagueByTeamRank(Optional)
2024-01-29T00:00:52.156+09:00 DEBUG 20320 --- [http-nio-9090-exec-5] o.s.web.servlet.DispatcherServlet        : GET "/api/v1/football/leagues/rank/200", parameters={}
2024-01-29T00:00:52.157+09:00 DEBUG 20320 --- [http-nio-9090-exec-5] s.w.s.m.m.a.RequestMappingHandlerMapping : Mapped to com.spoparty.api.football.controller.LeagueController#showLeagueByTeamRank(Optional)
2024-01-29T00:00:52.355+09:00 DEBUG 20320 --- [http-nio-9090-exec-5] org.hibernate.SQL                        : select s1_0.season_league_team_id,s1_0.captain_id,s1_0.coach_id,s1_0.created_time,s2_0.season_league_id,s2_0.created_time,s2_0.league_id,s2_0.season_id,s2_0.season_end_date,s2_0.season_start_date,s2_0.updated_time,s3_0.standings_id,s3_0.created_time,s3_0.draw,s3_0.form,s3_0.goal_diff,s3_0.goals_against,s3_0.goals_for,s3_0.lose,s3_0.played,s3_0.points,s3_0.rank,s3_0.updated_time,s3_0.win,t1_0.team_id,t1_0.created_time,t1_0.logo,t1_0.name_eng,t1_0.name_kr,t1_0.updated_time,s1_0.updated_time from season_league_team s1_0 join season_league s2_0 on s2_0.season_league_id=s1_0.season_league_id join team t1_0 on t1_0.team_id=s1_0.team_id join standings s3_0 on s3_0.standings_id=s1_0.standings_id where s1_0.season_league_id=? order by s3_0.rank asc
2024-01-29T00:00:52.367+09:00 TRACE 20320 --- [http-nio-9090-exec-5] org.hibernate.orm.jdbc.bind              : binding parameter [1] as [BIGINT] - [200]
2024-01-29T00:00:52.386+09:00 DEBUG 20320 --- [http-nio-9090-exec-5] o.s.w.s.m.m.a.HttpEntityMethodProcessor  : Using 'application/json', given [*/*] and supported [application/json, application/*+json]
2024-01-29T00:00:52.388+09:00 DEBUG 20320 --- [http-nio-9090-exec-5] o.s.w.s.m.m.a.HttpEntityMethodProcessor  : Writing [ResponseDTO(message=구단 순위 정보 없음, data=null)]
2024-01-29T00:00:52.397+09:00 DEBUG 20320 --- [http-nio-9090-exec-5] o.s.web.servlet.DispatcherServlet        : Completed 200 OK
2024-01-29T00:01:04.406+09:00  INFO 20320 --- [http-nio-9090-exec-6] c.s.security.jwt.JwtAuthorizationFilter  : JwtAuthorizationFilter.doFilterInternal() : 인증 및 권한 확인
2024-01-29T00:01:04.406+09:00  INFO 20320 --- [http-nio-9090-exec-6] c.s.security.jwt.JwtAuthorizationFilter  : jwtHeader: null
2024-01-29T00:01:04.408+09:00 ERROR 20320 --- [http-nio-9090-exec-6] c.s.security.jwt.JwtAuthorizationFilter  : 권한없음!!!!
2024-01-29T00:01:04.408+09:00 DEBUG 20320 --- [http-nio-9090-exec-6] s.w.s.m.m.a.RequestMappingHandlerMapping : Mapped to com.spoparty.api.football.controller.LeagueController#showLeagueByTeamRank(Optional)
2024-01-29T00:01:04.408+09:00 DEBUG 20320 --- [http-nio-9090-exec-6] s.w.s.m.m.a.RequestMappingHandlerMapping : Mapped to com.spoparty.api.football.controller.LeagueController#showLeagueByTeamRank(Optional)
2024-01-29T00:01:04.409+09:00 DEBUG 20320 --- [http-nio-9090-exec-6] s.w.s.m.m.a.RequestMappingHandlerMapping : Mapped to com.spoparty.api.football.controller.LeagueController#showLeagueByTeamRank(Optional)
2024-01-29T00:01:04.409+09:00 DEBUG 20320 --- [http-nio-9090-exec-6] s.w.s.m.m.a.RequestMappingHandlerMapping : Mapped to com.spoparty.api.football.controller.LeagueController#showLeagueByTeamRank(Optional)
2024-01-29T00:01:04.410+09:00 DEBUG 20320 --- [http-nio-9090-exec-6] o.s.web.servlet.DispatcherServlet        : GET "/api/v1/football/leagues/rank/1", parameters={}
2024-01-29T00:01:04.413+09:00 DEBUG 20320 --- [http-nio-9090-exec-6] s.w.s.m.m.a.RequestMappingHandlerMapping : Mapped to com.spoparty.api.football.controller.LeagueController#showLeagueByTeamRank(Optional)
2024-01-29T00:01:04.415+09:00 DEBUG 20320 --- [http-nio-9090-exec-6] org.hibernate.SQL                        : select s1_0.season_league_team_id,s1_0.captain_id,s1_0.coach_id,s1_0.created_time,s2_0.season_league_id,s2_0.created_time,s2_0.league_id,s2_0.season_id,s2_0.season_end_date,s2_0.season_start_date,s2_0.updated_time,s3_0.standings_id,s3_0.created_time,s3_0.draw,s3_0.form,s3_0.goal_diff,s3_0.goals_against,s3_0.goals_for,s3_0.lose,s3_0.played,s3_0.points,s3_0.rank,s3_0.updated_time,s3_0.win,t1_0.team_id,t1_0.created_time,t1_0.logo,t1_0.name_eng,t1_0.name_kr,t1_0.updated_time,s1_0.updated_time from season_league_team s1_0 join season_league s2_0 on s2_0.season_league_id=s1_0.season_league_id join team t1_0 on t1_0.team_id=s1_0.team_id join standings s3_0 on s3_0.standings_id=s1_0.standings_id where s1_0.season_league_id=? order by s3_0.rank asc
2024-01-29T00:01:04.431+09:00 TRACE 20320 --- [http-nio-9090-exec-6] org.hibernate.orm.jdbc.bind              : binding parameter [1] as [BIGINT] - [1]
2024-01-29T00:01:04.467+09:00 DEBUG 20320 --- [http-nio-9090-exec-6] o.s.w.s.m.m.a.HttpEntityMethodProcessor  : Using 'application/json', given [*/*] and supported [application/json, application/*+json]
2024-01-29T00:01:04.472+09:00 DEBUG 20320 --- [http-nio-9090-exec-6] o.s.w.s.m.m.a.HttpEntityMethodProcessor  : Writing [ResponseDTO(message=구단 순위 조회 성공, data=[SeasonLeagueTeamStandingDTO(teamId=1, nameKr=마루쉐, nameEng=mar (truncated)...]
2024-01-29T00:01:04.477+09:00 DEBUG 20320 --- [http-nio-9090-exec-6] o.s.web.servlet.DispatcherServlet        : Completed 404 NOT_FOUND
2024-01-29T00:01:08.006+09:00  INFO 20320 --- [http-nio-9090-exec-9] c.s.security.jwt.JwtAuthorizationFilter  : JwtAuthorizationFilter.doFilterInternal() : 인증 및 권한 확인
2024-01-29T00:01:08.006+09:00  INFO 20320 --- [http-nio-9090-exec-9] c.s.security.jwt.JwtAuthorizationFilter  : jwtHeader: null
2024-01-29T00:01:08.006+09:00 ERROR 20320 --- [http-nio-9090-exec-9] c.s.security.jwt.JwtAuthorizationFilter  : 권한없음!!!!
2024-01-29T00:01:08.007+09:00 DEBUG 20320 --- [http-nio-9090-exec-9] s.w.s.m.m.a.RequestMappingHandlerMapping : Mapped to com.spoparty.api.football.controller.LeagueController#showLeagueByTeamRank(Optional)
2024-01-29T00:01:08.007+09:00 DEBUG 20320 --- [http-nio-9090-exec-9] s.w.s.m.m.a.RequestMappingHandlerMapping : Mapped to com.spoparty.api.football.controller.LeagueController#showLeagueByTeamRank(Optional)
2024-01-29T00:01:08.007+09:00 DEBUG 20320 --- [http-nio-9090-exec-9] s.w.s.m.m.a.RequestMappingHandlerMapping : Mapped to com.spoparty.api.football.controller.LeagueController#showLeagueByTeamRank(Optional)
2024-01-29T00:01:08.008+09:00 DEBUG 20320 --- [http-nio-9090-exec-9] s.w.s.m.m.a.RequestMappingHandlerMapping : Mapped to com.spoparty.api.football.controller.LeagueController#showLeagueByTeamRank(Optional)
2024-01-29T00:01:08.008+09:00 DEBUG 20320 --- [http-nio-9090-exec-9] o.s.web.servlet.DispatcherServlet        : GET "/api/v1/football/leagues/rank/d", parameters={}
2024-01-29T00:01:08.008+09:00 DEBUG 20320 --- [http-nio-9090-exec-9] s.w.s.m.m.a.RequestMappingHandlerMapping : Mapped to com.spoparty.api.football.controller.LeagueController#showLeagueByTeamRank(Optional)
2024-01-29T00:01:08.011+09:00 DEBUG 20320 --- [http-nio-9090-exec-9] o.s.web.method.HandlerMethod             : Could not resolve parameter [0] in org.springframework.http.ResponseEntity com.spoparty.api.football.controller.LeagueController.showLeagueByTeamRank(java.util.Optional<java.lang.Integer>): Failed to convert value of type 'java.lang.String' to required type 'java.util.Optional'; Failed to convert from type [java.lang.String] to type [@org.springframework.web.bind.annotation.PathVariable java.lang.Integer] for value 'd'
2024-01-29T00:01:08.012+09:00  WARN 20320 --- [http-nio-9090-exec-9] .w.s.m.s.DefaultHandlerExceptionResolver : Resolved [org.springframework.web.method.annotation.MethodArgumentTypeMismatchException: Failed to convert value of type 'java.lang.String' to required type 'java.util.Optional'; Failed to convert from type [java.lang.String] to type [@org.springframework.web.bind.annotation.PathVariable java.lang.Integer] for value 'd']
2024-01-29T00:01:08.012+09:00 DEBUG 20320 --- [http-nio-9090-exec-9] o.s.web.servlet.DispatcherServlet        : Completed 400 BAD_REQUEST
2024-01-29T00:01:08.016+09:00 DEBUG 20320 --- [http-nio-9090-exec-9] s.w.s.m.m.a.RequestMappingHandlerMapping : Mapped to org.springframework.boot.autoconfigure.web.servlet.error.BasicErrorController#error(HttpServletRequest)
2024-01-29T00:01:08.016+09:00 DEBUG 20320 --- [http-nio-9090-exec-9] s.w.s.m.m.a.RequestMappingHandlerMapping : Mapped to org.springframework.boot.autoconfigure.web.servlet.error.BasicErrorController#error(HttpServletRequest)
2024-01-29T00:01:08.016+09:00 DEBUG 20320 --- [http-nio-9090-exec-9] s.w.s.m.m.a.RequestMappingHandlerMapping : Mapped to org.springframework.boot.autoconfigure.web.servlet.error.BasicErrorController#error(HttpServletRequest)
2024-01-29T00:01:08.016+09:00 DEBUG 20320 --- [http-nio-9090-exec-9] s.w.s.m.m.a.RequestMappingHandlerMapping : Mapped to org.springframework.boot.autoconfigure.web.servlet.error.BasicErrorController#error(HttpServletRequest)
2024-01-29T00:01:08.017+09:00 DEBUG 20320 --- [http-nio-9090-exec-9] o.s.web.servlet.DispatcherServlet        : "ERROR" dispatch for GET "/error", parameters={}
2024-01-29T00:01:08.017+09:00 DEBUG 20320 --- [http-nio-9090-exec-9] s.w.s.m.m.a.RequestMappingHandlerMapping : Mapped to org.springframework.boot.autoconfigure.web.servlet.error.BasicErrorController#error(HttpServletRequest)
2024-01-29T00:01:08.019+09:00 DEBUG 20320 --- [http-nio-9090-exec-9] o.s.w.s.m.m.a.HttpEntityMethodProcessor  : Using 'application/json', given [*/*] and supported [application/json, application/*+json]
2024-01-29T00:01:08.019+09:00 DEBUG 20320 --- [http-nio-9090-exec-9] o.s.w.s.m.m.a.HttpEntityMethodProcessor  : Writing [{timestamp=Mon Jan 29 00:01:08 KST 2024, status=400, error=Bad Request, trace=org.springframework.we (truncated)...]
2024-01-29T00:01:08.022+09:00 DEBUG 20320 --- [http-nio-9090-exec-9] o.s.web.servlet.DispatcherServlet        : Exiting from "ERROR" dispatch, status 400
2024-01-29T00:01:11.241+09:00  INFO 20320 --- [http-nio-9090-exec-2] c.s.security.jwt.JwtAuthorizationFilter  : JwtAuthorizationFilter.doFilterInternal() : 인증 및 권한 확인
2024-01-29T00:01:11.242+09:00  INFO 20320 --- [http-nio-9090-exec-2] c.s.security.jwt.JwtAuthorizationFilter  : jwtHeader: null
2024-01-29T00:01:11.242+09:00 ERROR 20320 --- [http-nio-9090-exec-2] c.s.security.jwt.JwtAuthorizationFilter  : 권한없음!!!!
2024-01-29T00:01:11.243+09:00 DEBUG 20320 --- [http-nio-9090-exec-2] s.w.s.m.m.a.RequestMappingHandlerMapping : Mapped to com.spoparty.api.football.controller.LeagueController#showLeagueByTeamRank(Optional)
2024-01-29T00:01:11.243+09:00 DEBUG 20320 --- [http-nio-9090-exec-2] s.w.s.m.m.a.RequestMappingHandlerMapping : Mapped to com.spoparty.api.football.controller.LeagueController#showLeagueByTeamRank(Optional)
2024-01-29T00:01:11.243+09:00 DEBUG 20320 --- [http-nio-9090-exec-2] s.w.s.m.m.a.RequestMappingHandlerMapping : Mapped to com.spoparty.api.football.controller.LeagueController#showLeagueByTeamRank(Optional)
2024-01-29T00:01:11.243+09:00 DEBUG 20320 --- [http-nio-9090-exec-2] s.w.s.m.m.a.RequestMappingHandlerMapping : Mapped to com.spoparty.api.football.controller.LeagueController#showLeagueByTeamRank(Optional)
2024-01-29T00:01:11.244+09:00 DEBUG 20320 --- [http-nio-9090-exec-2] o.s.web.servlet.DispatcherServlet        : GET "/api/v1/football/leagues/rank/400", parameters={}
2024-01-29T00:01:11.244+09:00 DEBUG 20320 --- [http-nio-9090-exec-2] s.w.s.m.m.a.RequestMappingHandlerMapping : Mapped to com.spoparty.api.football.controller.LeagueController#showLeagueByTeamRank(Optional)
2024-01-29T00:01:11.245+09:00 DEBUG 20320 --- [http-nio-9090-exec-2] org.hibernate.SQL                        : select s1_0.season_league_team_id,s1_0.captain_id,s1_0.coach_id,s1_0.created_time,s2_0.season_league_id,s2_0.created_time,s2_0.league_id,s2_0.season_id,s2_0.season_end_date,s2_0.season_start_date,s2_0.updated_time,s3_0.standings_id,s3_0.created_time,s3_0.draw,s3_0.form,s3_0.goal_diff,s3_0.goals_against,s3_0.goals_for,s3_0.lose,s3_0.played,s3_0.points,s3_0.rank,s3_0.updated_time,s3_0.win,t1_0.team_id,t1_0.created_time,t1_0.logo,t1_0.name_eng,t1_0.name_kr,t1_0.updated_time,s1_0.updated_time from season_league_team s1_0 join season_league s2_0 on s2_0.season_league_id=s1_0.season_league_id join team t1_0 on t1_0.team_id=s1_0.team_id join standings s3_0 on s3_0.standings_id=s1_0.standings_id where s1_0.season_league_id=? order by s3_0.rank asc
2024-01-29T00:01:11.252+09:00 TRACE 20320 --- [http-nio-9090-exec-2] org.hibernate.orm.jdbc.bind              : binding parameter [1] as [BIGINT] - [400]
2024-01-29T00:01:11.259+09:00 DEBUG 20320 --- [http-nio-9090-exec-2] o.s.w.s.m.m.a.HttpEntityMethodProcessor  : Using 'application/json', given [*/*] and supported [application/json, application/*+json]
2024-01-29T00:01:11.260+09:00 DEBUG 20320 --- [http-nio-9090-exec-2] o.s.w.s.m.m.a.HttpEntityMethodProcessor  : Writing [ResponseDTO(message=구단 순위 정보 없음, data=null)]
2024-01-29T00:01:11.261+09:00 DEBUG 20320 --- [http-nio-9090-exec-2] o.s.web.servlet.DispatcherServlet        : Completed 200 OK
2024-01-29T00:01:58.776+09:00  INFO 20320 --- [http-nio-9090-exec-8] c.s.security.jwt.JwtAuthorizationFilter  : JwtAuthorizationFilter.doFilterInternal() : 인증 및 권한 확인
2024-01-29T00:01:58.776+09:00  INFO 20320 --- [http-nio-9090-exec-8] c.s.security.jwt.JwtAuthorizationFilter  : jwtHeader: null
2024-01-29T00:01:58.776+09:00 ERROR 20320 --- [http-nio-9090-exec-8] c.s.security.jwt.JwtAuthorizationFilter  : 권한없음!!!!
2024-01-29T00:01:58.777+09:00 DEBUG 20320 --- [http-nio-9090-exec-8] s.w.s.m.m.a.RequestMappingHandlerMapping : Mapped to com.spoparty.api.football.controller.LeagueController#showLeagueByTeamRank(Optional)
2024-01-29T00:01:58.777+09:00 DEBUG 20320 --- [http-nio-9090-exec-8] s.w.s.m.m.a.RequestMappingHandlerMapping : Mapped to com.spoparty.api.football.controller.LeagueController#showLeagueByTeamRank(Optional)
2024-01-29T00:01:58.778+09:00 DEBUG 20320 --- [http-nio-9090-exec-8] s.w.s.m.m.a.RequestMappingHandlerMapping : Mapped to com.spoparty.api.football.controller.LeagueController#showLeagueByTeamRank(Optional)
2024-01-29T00:01:58.778+09:00 DEBUG 20320 --- [http-nio-9090-exec-8] s.w.s.m.m.a.RequestMappingHandlerMapping : Mapped to com.spoparty.api.football.controller.LeagueController#showLeagueByTeamRank(Optional)
2024-01-29T00:01:58.778+09:00 DEBUG 20320 --- [http-nio-9090-exec-8] o.s.web.servlet.DispatcherServlet        : GET "/api/v1/football/leagues/rank/1", parameters={}
2024-01-29T00:01:58.779+09:00 DEBUG 20320 --- [http-nio-9090-exec-8] s.w.s.m.m.a.RequestMappingHandlerMapping : Mapped to com.spoparty.api.football.controller.LeagueController#showLeagueByTeamRank(Optional)
2024-01-29T00:01:58.779+09:00 DEBUG 20320 --- [http-nio-9090-exec-8] org.hibernate.SQL                        : select s1_0.season_league_team_id,s1_0.captain_id,s1_0.coach_id,s1_0.created_time,s2_0.season_league_id,s2_0.created_time,s2_0.league_id,s2_0.season_id,s2_0.season_end_date,s2_0.season_start_date,s2_0.updated_time,s3_0.standings_id,s3_0.created_time,s3_0.draw,s3_0.form,s3_0.goal_diff,s3_0.goals_against,s3_0.goals_for,s3_0.lose,s3_0.played,s3_0.points,s3_0.rank,s3_0.updated_time,s3_0.win,t1_0.team_id,t1_0.created_time,t1_0.logo,t1_0.name_eng,t1_0.name_kr,t1_0.updated_time,s1_0.updated_time from season_league_team s1_0 join season_league s2_0 on s2_0.season_league_id=s1_0.season_league_id join team t1_0 on t1_0.team_id=s1_0.team_id join standings s3_0 on s3_0.standings_id=s1_0.standings_id where s1_0.season_league_id=? order by s3_0.rank asc
2024-01-29T00:01:58.788+09:00 TRACE 20320 --- [http-nio-9090-exec-8] org.hibernate.orm.jdbc.bind              : binding parameter [1] as [BIGINT] - [1]
2024-01-29T00:01:58.797+09:00 DEBUG 20320 --- [http-nio-9090-exec-8] o.s.w.s.m.m.a.HttpEntityMethodProcessor  : Using 'application/json', given [*/*] and supported [application/json, application/*+json]
2024-01-29T00:01:58.797+09:00 DEBUG 20320 --- [http-nio-9090-exec-8] o.s.w.s.m.m.a.HttpEntityMethodProcessor  : Writing [ResponseDTO(message=구단 순위 조회 성공, data=[SeasonLeagueTeamStandingDTO(teamId=1, nameKr=마루쉐, nameEng=mar (truncated)...]
2024-01-29T00:01:58.798+09:00 DEBUG 20320 --- [http-nio-9090-exec-8] o.s.web.servlet.DispatcherServlet        : Completed 404 NOT_FOUND
2024-01-29T00:01:59.047+09:00  INFO 20320 --- [File Watcher] rtingClassPathChangeChangedEventListener : Restarting due to 1 class path change (0 additions, 0 deletions, 1 modification)
2024-01-29T00:01:59.055+09:00  INFO 20320 --- [Thread-5] o.apache.catalina.core.StandardService   : Stopping service [Tomcat]
2024-01-29T00:01:59.056+09:00  INFO 20320 --- [Thread-5] o.a.c.c.C.[Tomcat].[localhost].[/]       : Destroying Spring FrameworkServlet 'dispatcherServlet'
2024-01-29T00:01:59.063+09:00  INFO 20320 --- [Thread-5] j.LocalContainerEntityManagerFactoryBean : Closing JPA EntityManagerFactory for persistence unit 'default'
2024-01-29T00:01:59.066+09:00  INFO 20320 --- [Thread-5] com.zaxxer.hikari.HikariDataSource       : HikariPool-1 - Shutdown initiated...
2024-01-29T00:01:59.133+09:00  INFO 20320 --- [Thread-5] com.zaxxer.hikari.HikariDataSource       : HikariPool-1 - Shutdown completed.
2024-01-29T00:01:59.209+09:00  INFO 20320 --- [restartedMain] com.spoparty.GroupCallApplication        : Starting GroupCallApplication using Java 17 with PID 20320 (C:\workspace\S10P12A802\backend\build\classes\java\main started by gyfl5 in C:\workspace\S10P12A802)
2024-01-29T00:01:59.209+09:00  INFO 20320 --- [restartedMain] com.spoparty.GroupCallApplication        : No active profile set, falling back to 1 default profile: "private"
2024-01-29T00:01:59.458+09:00  INFO 20320 --- [restartedMain] .s.d.r.c.RepositoryConfigurationDelegate : Bootstrapping Spring Data JPA repositories in DEFAULT mode.
2024-01-29T00:01:59.516+09:00  INFO 20320 --- [restartedMain] .s.d.r.c.RepositoryConfigurationDelegate : Finished Spring Data repository scanning in 57 ms. Found 18 JPA repository interfaces.
2024-01-29T00:01:59.594+09:00  INFO 20320 --- [restartedMain] o.s.b.w.embedded.tomcat.TomcatWebServer  : Tomcat initialized with port(s): 9090 (http)
2024-01-29T00:01:59.594+09:00  INFO 20320 --- [restartedMain] o.apache.catalina.core.StandardService   : Starting service [Tomcat]
2024-01-29T00:01:59.594+09:00  INFO 20320 --- [restartedMain] o.apache.catalina.core.StandardEngine    : Starting Servlet engine: [Apache Tomcat/10.1.1]
2024-01-29T00:01:59.608+09:00  INFO 20320 --- [restartedMain] o.a.c.c.C.[Tomcat].[localhost].[/]       : Initializing Spring embedded WebApplicationContext
2024-01-29T00:01:59.609+09:00  INFO 20320 --- [restartedMain] w.s.c.ServletWebServerApplicationContext : Root WebApplicationContext: initialization completed in 398 ms
2024-01-29T00:01:59.633+09:00 DEBUG 20320 --- [restartedMain] o.s.w.f.ServerHttpObservationFilter      : Filter 'serverHttpObservationFilter' configured for use
2024-01-29T00:01:59.633+09:00 DEBUG 20320 --- [restartedMain] o.s.web.filter.CharacterEncodingFilter   : Filter 'characterEncodingFilter' configured for use
2024-01-29T00:01:59.655+09:00  INFO 20320 --- [restartedMain] o.hibernate.jpa.internal.util.LogHelper  : HHH000204: Processing PersistenceUnitInfo [name: default]
2024-01-29T00:01:59.658+09:00  WARN 20320 --- [restartedMain] org.hibernate.orm.deprecation            : HHH90000021: Encountered deprecated setting [javax.persistence.sharedCache.mode], use [jakarta.persistence.sharedCache.mode] instead
2024-01-29T00:01:59.662+09:00  INFO 20320 --- [restartedMain] com.zaxxer.hikari.HikariDataSource       : HikariPool-2 - Starting...
2024-01-29T00:01:59.712+09:00  INFO 20320 --- [restartedMain] com.zaxxer.hikari.pool.HikariPool        : HikariPool-2 - Added connection org.mariadb.jdbc.MariaDbConnection@3a325eb3
2024-01-29T00:01:59.712+09:00  INFO 20320 --- [restartedMain] com.zaxxer.hikari.HikariDataSource       : HikariPool-2 - Start completed.
2024-01-29T00:01:59.721+09:00  INFO 20320 --- [restartedMain] SQL dialect                              : HHH000400: Using dialect: org.hibernate.dialect.MariaDBDialect
2024-01-29T00:01:59.885+09:00  INFO 20320 --- [restartedMain] o.h.e.t.j.p.i.JtaPlatformInitiator       : HHH000490: Using JtaPlatform implementation: [org.hibernate.engine.transaction.jta.platform.internal.NoJtaPlatform]
2024-01-29T00:01:59.885+09:00  INFO 20320 --- [restartedMain] j.LocalContainerEntityManagerFactoryBean : Initialized JPA EntityManagerFactory for persistence unit 'default'
2024-01-29T00:02:00.129+09:00  INFO 20320 --- [restartedMain] c.s.api.member.service.EmailService      : EmailService 생성
2024-01-29T00:02:00.174+09:00  WARN 20320 --- [restartedMain] JpaBaseConfiguration$JpaWebConfiguration : spring.jpa.open-in-view is enabled by default. Therefore, database queries may be performed during view rendering. Explicitly configure spring.jpa.open-in-view to disable this warning
2024-01-29T00:02:00.179+09:00  INFO 20320 --- [restartedMain] com.spoparty.config.SecurityConfig       : filterChain 실행
2024-01-29T00:02:00.180+09:00  INFO 20320 --- [restartedMain] com.spoparty.config.SecurityConfig       : AuthenticationManager 생성
2024-01-29T00:02:00.180+09:00  INFO 20320 --- [restartedMain] c.s.s.jwt.JwtAuthenticationFilter        : JwtAuthenticationFilter 생성
2024-01-29T00:02:00.181+09:00  INFO 20320 --- [restartedMain] c.s.security.jwt.JwtAuthorizationFilter  : JwtAuthorizationFilter 생성
2024-01-29T00:02:00.195+09:00 DEBUG 20320 --- [restartedMain] s.w.s.m.m.a.RequestMappingHandlerMapping : 85 mappings in 'requestMappingHandlerMapping'
2024-01-29T00:02:00.226+09:00  INFO 20320 --- [restartedMain] o.s.b.a.e.web.EndpointLinksResolver      : Exposing 1 endpoint(s) beneath base path '/actuator'
2024-01-29T00:02:00.241+09:00  INFO 20320 --- [restartedMain] o.s.s.web.DefaultSecurityFilterChain     : Will secure any request with [org.springframework.security.web.session.DisableEncodeUrlFilter@53fe025c, org.springframework.security.web.context.request.async.WebAsyncManagerIntegrationFilter@48f04ab0, org.springframework.security.web.context.SecurityContextHolderFilter@17a70f8, org.springframework.security.web.header.HeaderWriterFilter@2e2cad1d, org.springframework.security.web.authentication.logout.LogoutFilter@57e6881e, org.springframework.security.oauth2.client.web.OAuth2AuthorizationRequestRedirectFilter@2f02b003, org.springframework.security.oauth2.client.web.OAuth2LoginAuthenticationFilter@4cc77b85, com.spoparty.security.jwt.JwtAuthorizationFilter@72c87905, com.spoparty.security.jwt.JwtAuthenticationFilter@5243f8a, org.springframework.security.web.savedrequest.RequestCacheAwareFilter@7fd407f2, org.springframework.security.web.servletapi.SecurityContextHolderAwareRequestFilter@345b1950, org.springframework.security.web.authentication.AnonymousAuthenticationFilter@266b2190, org.springframework.security.web.session.SessionManagementFilter@59ad11dd, org.springframework.security.web.access.ExceptionTranslationFilter@1fec2792, org.springframework.security.web.access.intercept.AuthorizationFilter@642ff744]
2024-01-29T00:02:00.249+09:00 DEBUG 20320 --- [restartedMain] s.w.s.m.m.a.RequestMappingHandlerAdapter : ControllerAdvice beans: 0 @ModelAttribute, 0 @InitBinder, 1 RequestBodyAdvice, 1 ResponseBodyAdvice
2024-01-29T00:02:00.253+09:00 DEBUG 20320 --- [restartedMain] .m.m.a.ExceptionHandlerExceptionResolver : ControllerAdvice beans: 1 @ExceptionHandler, 1 ResponseBodyAdvice
2024-01-29T00:02:00.310+09:00  INFO 20320 --- [restartedMain] o.s.b.d.a.OptionalLiveReloadServer       : LiveReload server is running on port 35729
2024-01-29T00:02:00.319+09:00  INFO 20320 --- [restartedMain] o.s.b.w.embedded.tomcat.TomcatWebServer  : Tomcat started on port(s): 9090 (http) with context path ''
2024-01-29T00:02:00.325+09:00  INFO 20320 --- [restartedMain] com.spoparty.GroupCallApplication        : Started GroupCallApplication in 1.136 seconds (process running for 77.744)
2024-01-29T00:02:00.327+09:00  INFO 20320 --- [restartedMain] .ConditionEvaluationDeltaLoggingListener : Condition evaluation unchanged
2024-01-29T00:02:08.354+09:00  INFO 20320 --- [http-nio-9090-exec-2] o.a.c.c.C.[Tomcat].[localhost].[/]       : Initializing Spring DispatcherServlet 'dispatcherServlet'
2024-01-29T00:02:08.354+09:00  INFO 20320 --- [http-nio-9090-exec-2] o.s.web.servlet.DispatcherServlet        : Initializing Servlet 'dispatcherServlet'
2024-01-29T00:02:08.354+09:00 DEBUG 20320 --- [http-nio-9090-exec-2] o.s.web.servlet.DispatcherServlet        : Detected StandardServletMultipartResolver
2024-01-29T00:02:08.354+09:00 DEBUG 20320 --- [http-nio-9090-exec-2] o.s.web.servlet.DispatcherServlet        : Detected AcceptHeaderLocaleResolver
2024-01-29T00:02:08.354+09:00 DEBUG 20320 --- [http-nio-9090-exec-2] o.s.web.servlet.DispatcherServlet        : Detected FixedThemeResolver
2024-01-29T00:02:08.356+09:00 DEBUG 20320 --- [http-nio-9090-exec-2] o.s.web.servlet.DispatcherServlet        : Detected org.springframework.web.servlet.view.DefaultRequestToViewNameTranslator@2abd184d
2024-01-29T00:02:08.357+09:00 DEBUG 20320 --- [http-nio-9090-exec-2] o.s.web.servlet.DispatcherServlet        : Detected org.springframework.web.servlet.support.SessionFlashMapManager@45d5c309
2024-01-29T00:02:08.357+09:00 DEBUG 20320 --- [http-nio-9090-exec-2] o.s.web.servlet.DispatcherServlet        : enableLoggingRequestDetails='false': request parameters and headers will be masked to prevent unsafe logging of potentially sensitive data
2024-01-29T00:02:08.357+09:00  INFO 20320 --- [http-nio-9090-exec-2] o.s.web.servlet.DispatcherServlet        : Completed initialization in 3 ms
2024-01-29T00:02:08.358+09:00  INFO 20320 --- [http-nio-9090-exec-2] c.s.security.jwt.JwtAuthorizationFilter  : JwtAuthorizationFilter.doFilterInternal() : 인증 및 권한 확인
2024-01-29T00:02:08.359+09:00  INFO 20320 --- [http-nio-9090-exec-2] c.s.security.jwt.JwtAuthorizationFilter  : jwtHeader: null
2024-01-29T00:02:08.359+09:00 ERROR 20320 --- [http-nio-9090-exec-2] c.s.security.jwt.JwtAuthorizationFilter  : 권한없음!!!!
2024-01-29T00:02:08.361+09:00 DEBUG 20320 --- [http-nio-9090-exec-2] s.w.s.m.m.a.RequestMappingHandlerMapping : Mapped to com.spoparty.api.football.controller.LeagueController#showLeagueByTeamRank(Optional)
2024-01-29T00:02:08.361+09:00 DEBUG 20320 --- [http-nio-9090-exec-2] s.w.s.m.m.a.RequestMappingHandlerMapping : Mapped to com.spoparty.api.football.controller.LeagueController#showLeagueByTeamRank(Optional)
2024-01-29T00:02:08.363+09:00 DEBUG 20320 --- [http-nio-9090-exec-2] s.w.s.m.m.a.RequestMappingHandlerMapping : Mapped to com.spoparty.api.football.controller.LeagueController#showLeagueByTeamRank(Optional)
2024-01-29T00:02:08.364+09:00 DEBUG 20320 --- [http-nio-9090-exec-2] s.w.s.m.m.a.RequestMappingHandlerMapping : Mapped to com.spoparty.api.football.controller.LeagueController#showLeagueByTeamRank(Optional)
2024-01-29T00:02:08.365+09:00 DEBUG 20320 --- [http-nio-9090-exec-2] o.s.web.servlet.DispatcherServlet        : GET "/api/v1/football/leagues/rank/1", parameters={}
2024-01-29T00:02:08.365+09:00 DEBUG 20320 --- [http-nio-9090-exec-2] s.w.s.m.m.a.RequestMappingHandlerMapping : Mapped to com.spoparty.api.football.controller.LeagueController#showLeagueByTeamRank(Optional)
2024-01-29T00:02:08.370+09:00 DEBUG 20320 --- [http-nio-9090-exec-2] org.hibernate.SQL                        : select s1_0.season_league_team_id,s1_0.captain_id,s1_0.coach_id,s1_0.created_time,s2_0.season_league_id,s2_0.created_time,s2_0.league_id,s2_0.season_id,s2_0.season_end_date,s2_0.season_start_date,s2_0.updated_time,s3_0.standings_id,s3_0.created_time,s3_0.draw,s3_0.form,s3_0.goal_diff,s3_0.goals_against,s3_0.goals_for,s3_0.lose,s3_0.played,s3_0.points,s3_0.rank,s3_0.updated_time,s3_0.win,t1_0.team_id,t1_0.created_time,t1_0.logo,t1_0.name_eng,t1_0.name_kr,t1_0.updated_time,s1_0.updated_time from season_league_team s1_0 join season_league s2_0 on s2_0.season_league_id=s1_0.season_league_id join team t1_0 on t1_0.team_id=s1_0.team_id join standings s3_0 on s3_0.standings_id=s1_0.standings_id where s1_0.season_league_id=? order by s3_0.rank asc
2024-01-29T00:02:08.376+09:00 TRACE 20320 --- [http-nio-9090-exec-2] org.hibernate.orm.jdbc.bind              : binding parameter [1] as [BIGINT] - [1]
2024-01-29T00:02:08.392+09:00 DEBUG 20320 --- [http-nio-9090-exec-2] o.s.w.s.m.m.a.HttpEntityMethodProcessor  : Using 'application/json', given [*/*] and supported [application/json, application/*+json]
2024-01-29T00:02:08.393+09:00 DEBUG 20320 --- [http-nio-9090-exec-2] o.s.w.s.m.m.a.HttpEntityMethodProcessor  : Writing [ResponseDTO(message=구단 순위 조회 성공, data=[SeasonLeagueTeamStandingDTO(teamId=1, nameKr=마루쉐, nameEng=mar (truncated)...]
2024-01-29T00:02:08.396+09:00 DEBUG 20320 --- [http-nio-9090-exec-2] o.s.web.servlet.DispatcherServlet        : Completed 200 OK
2024-01-29T00:02:08.908+09:00  INFO 20320 --- [http-nio-9090-exec-10] c.s.security.jwt.JwtAuthorizationFilter  : JwtAuthorizationFilter.doFilterInternal() : 인증 및 권한 확인
2024-01-29T00:02:08.908+09:00  INFO 20320 --- [http-nio-9090-exec-10] c.s.security.jwt.JwtAuthorizationFilter  : jwtHeader: null
2024-01-29T00:02:08.908+09:00 ERROR 20320 --- [http-nio-9090-exec-10] c.s.security.jwt.JwtAuthorizationFilter  : 권한없음!!!!
2024-01-29T00:02:08.909+09:00 DEBUG 20320 --- [http-nio-9090-exec-10] s.w.s.m.m.a.RequestMappingHandlerMapping : Mapped to com.spoparty.api.football.controller.LeagueController#showLeagueByTeamRank(Optional)
2024-01-29T00:02:08.909+09:00 DEBUG 20320 --- [http-nio-9090-exec-10] s.w.s.m.m.a.RequestMappingHandlerMapping : Mapped to com.spoparty.api.football.controller.LeagueController#showLeagueByTeamRank(Optional)
2024-01-29T00:02:08.910+09:00 DEBUG 20320 --- [http-nio-9090-exec-10] s.w.s.m.m.a.RequestMappingHandlerMapping : Mapped to com.spoparty.api.football.controller.LeagueController#showLeagueByTeamRank(Optional)
2024-01-29T00:02:08.910+09:00 DEBUG 20320 --- [http-nio-9090-exec-10] s.w.s.m.m.a.RequestMappingHandlerMapping : Mapped to com.spoparty.api.football.controller.LeagueController#showLeagueByTeamRank(Optional)
2024-01-29T00:02:08.913+09:00 DEBUG 20320 --- [http-nio-9090-exec-10] o.s.web.servlet.DispatcherServlet        : GET "/api/v1/football/leagues/rank/1", parameters={}
2024-01-29T00:02:08.913+09:00 DEBUG 20320 --- [http-nio-9090-exec-10] s.w.s.m.m.a.RequestMappingHandlerMapping : Mapped to com.spoparty.api.football.controller.LeagueController#showLeagueByTeamRank(Optional)
2024-01-29T00:02:08.915+09:00 DEBUG 20320 --- [http-nio-9090-exec-10] org.hibernate.SQL                        : select s1_0.season_league_team_id,s1_0.captain_id,s1_0.coach_id,s1_0.created_time,s2_0.season_league_id,s2_0.created_time,s2_0.league_id,s2_0.season_id,s2_0.season_end_date,s2_0.season_start_date,s2_0.updated_time,s3_0.standings_id,s3_0.created_time,s3_0.draw,s3_0.form,s3_0.goal_diff,s3_0.goals_against,s3_0.goals_for,s3_0.lose,s3_0.played,s3_0.points,s3_0.rank,s3_0.updated_time,s3_0.win,t1_0.team_id,t1_0.created_time,t1_0.logo,t1_0.name_eng,t1_0.name_kr,t1_0.updated_time,s1_0.updated_time from season_league_team s1_0 join season_league s2_0 on s2_0.season_league_id=s1_0.season_league_id join team t1_0 on t1_0.team_id=s1_0.team_id join standings s3_0 on s3_0.standings_id=s1_0.standings_id where s1_0.season_league_id=? order by s3_0.rank asc
2024-01-29T00:02:08.921+09:00 TRACE 20320 --- [http-nio-9090-exec-10] org.hibernate.orm.jdbc.bind              : binding parameter [1] as [BIGINT] - [1]
2024-01-29T00:02:08.937+09:00 DEBUG 20320 --- [http-nio-9090-exec-10] o.s.w.s.m.m.a.HttpEntityMethodProcessor  : Using 'application/json', given [*/*] and supported [application/json, application/*+json]
2024-01-29T00:02:08.937+09:00 DEBUG 20320 --- [http-nio-9090-exec-10] o.s.w.s.m.m.a.HttpEntityMethodProcessor  : Writing [ResponseDTO(message=구단 순위 조회 성공, data=[SeasonLeagueTeamStandingDTO(teamId=1, nameKr=마루쉐, nameEng=mar (truncated)...]
2024-01-29T00:02:08.939+09:00 DEBUG 20320 --- [http-nio-9090-exec-10] o.s.web.servlet.DispatcherServlet        : Completed 200 OK
2024-01-29T00:02:10.622+09:00  INFO 20320 --- [http-nio-9090-exec-4] c.s.security.jwt.JwtAuthorizationFilter  : JwtAuthorizationFilter.doFilterInternal() : 인증 및 권한 확인
2024-01-29T00:02:10.622+09:00  INFO 20320 --- [http-nio-9090-exec-4] c.s.security.jwt.JwtAuthorizationFilter  : jwtHeader: null
2024-01-29T00:02:10.622+09:00 ERROR 20320 --- [http-nio-9090-exec-4] c.s.security.jwt.JwtAuthorizationFilter  : 권한없음!!!!
2024-01-29T00:02:10.622+09:00 DEBUG 20320 --- [http-nio-9090-exec-4] s.w.s.m.m.a.RequestMappingHandlerMapping : Mapped to com.spoparty.api.football.controller.LeagueController#showLeagueByTeamRank(Optional)
2024-01-29T00:02:10.622+09:00 DEBUG 20320 --- [http-nio-9090-exec-4] s.w.s.m.m.a.RequestMappingHandlerMapping : Mapped to com.spoparty.api.football.controller.LeagueController#showLeagueByTeamRank(Optional)
2024-01-29T00:02:10.623+09:00 DEBUG 20320 --- [http-nio-9090-exec-4] s.w.s.m.m.a.RequestMappingHandlerMapping : Mapped to com.spoparty.api.football.controller.LeagueController#showLeagueByTeamRank(Optional)
2024-01-29T00:02:10.623+09:00 DEBUG 20320 --- [http-nio-9090-exec-4] s.w.s.m.m.a.RequestMappingHandlerMapping : Mapped to com.spoparty.api.football.controller.LeagueController#showLeagueByTeamRank(Optional)
2024-01-29T00:02:10.623+09:00 DEBUG 20320 --- [http-nio-9090-exec-4] o.s.web.servlet.DispatcherServlet        : GET "/api/v1/football/leagues/rank/2", parameters={}
2024-01-29T00:02:10.623+09:00 DEBUG 20320 --- [http-nio-9090-exec-4] s.w.s.m.m.a.RequestMappingHandlerMapping : Mapped to com.spoparty.api.football.controller.LeagueController#showLeagueByTeamRank(Optional)
2024-01-29T00:02:10.624+09:00 DEBUG 20320 --- [http-nio-9090-exec-4] org.hibernate.SQL                        : select s1_0.season_league_team_id,s1_0.captain_id,s1_0.coach_id,s1_0.created_time,s2_0.season_league_id,s2_0.created_time,s2_0.league_id,s2_0.season_id,s2_0.season_end_date,s2_0.season_start_date,s2_0.updated_time,s3_0.standings_id,s3_0.created_time,s3_0.draw,s3_0.form,s3_0.goal_diff,s3_0.goals_against,s3_0.goals_for,s3_0.lose,s3_0.played,s3_0.points,s3_0.rank,s3_0.updated_time,s3_0.win,t1_0.team_id,t1_0.created_time,t1_0.logo,t1_0.name_eng,t1_0.name_kr,t1_0.updated_time,s1_0.updated_time from season_league_team s1_0 join season_league s2_0 on s2_0.season_league_id=s1_0.season_league_id join team t1_0 on t1_0.team_id=s1_0.team_id join standings s3_0 on s3_0.standings_id=s1_0.standings_id where s1_0.season_league_id=? order by s3_0.rank asc
2024-01-29T00:02:10.630+09:00 TRACE 20320 --- [http-nio-9090-exec-4] org.hibernate.orm.jdbc.bind              : binding parameter [1] as [BIGINT] - [2]
2024-01-29T00:02:10.636+09:00 DEBUG 20320 --- [http-nio-9090-exec-4] o.s.w.s.m.m.a.HttpEntityMethodProcessor  : Using 'application/json', given [*/*] and supported [application/json, application/*+json]
2024-01-29T00:02:10.636+09:00 DEBUG 20320 --- [http-nio-9090-exec-4] o.s.w.s.m.m.a.HttpEntityMethodProcessor  : Writing [ResponseDTO(message=구단 순위 정보 없음, data=null)]
2024-01-29T00:02:10.636+09:00 DEBUG 20320 --- [http-nio-9090-exec-4] o.s.web.servlet.DispatcherServlet        : Completed 404 NOT_FOUND
2024-01-29T00:02:28.137+09:00  INFO 20320 --- [File Watcher] rtingClassPathChangeChangedEventListener : Restarting due to 1 class path change (0 additions, 0 deletions, 1 modification)
2024-01-29T00:02:28.145+09:00  INFO 20320 --- [Thread-7] o.apache.catalina.core.StandardService   : Stopping service [Tomcat]
2024-01-29T00:02:28.145+09:00  INFO 20320 --- [Thread-7] o.a.c.c.C.[Tomcat].[localhost].[/]       : Destroying Spring FrameworkServlet 'dispatcherServlet'
2024-01-29T00:02:28.150+09:00  INFO 20320 --- [Thread-7] j.LocalContainerEntityManagerFactoryBean : Closing JPA EntityManagerFactory for persistence unit 'default'
2024-01-29T00:02:28.150+09:00  INFO 20320 --- [Thread-7] com.zaxxer.hikari.HikariDataSource       : HikariPool-2 - Shutdown initiated...
2024-01-29T00:02:28.205+09:00  INFO 20320 --- [Thread-7] com.zaxxer.hikari.HikariDataSource       : HikariPool-2 - Shutdown completed.
2024-01-29T00:02:28.288+09:00  INFO 20320 --- [restartedMain] com.spoparty.GroupCallApplication        : Starting GroupCallApplication using Java 17 with PID 20320 (C:\workspace\S10P12A802\backend\build\classes\java\main started by gyfl5 in C:\workspace\S10P12A802)
2024-01-29T00:02:28.288+09:00  INFO 20320 --- [restartedMain] com.spoparty.GroupCallApplication        : No active profile set, falling back to 1 default profile: "private"
2024-01-29T00:02:28.546+09:00  INFO 20320 --- [restartedMain] .s.d.r.c.RepositoryConfigurationDelegate : Bootstrapping Spring Data JPA repositories in DEFAULT mode.
2024-01-29T00:02:28.585+09:00  INFO 20320 --- [restartedMain] .s.d.r.c.RepositoryConfigurationDelegate : Finished Spring Data repository scanning in 39 ms. Found 18 JPA repository interfaces.
2024-01-29T00:02:28.648+09:00  INFO 20320 --- [restartedMain] o.s.b.w.embedded.tomcat.TomcatWebServer  : Tomcat initialized with port(s): 9090 (http)
2024-01-29T00:02:28.649+09:00  INFO 20320 --- [restartedMain] o.apache.catalina.core.StandardService   : Starting service [Tomcat]
2024-01-29T00:02:28.649+09:00  INFO 20320 --- [restartedMain] o.apache.catalina.core.StandardEngine    : Starting Servlet engine: [Apache Tomcat/10.1.1]
2024-01-29T00:02:28.665+09:00  INFO 20320 --- [restartedMain] o.a.c.c.C.[Tomcat].[localhost].[/]       : Initializing Spring embedded WebApplicationContext
2024-01-29T00:02:28.667+09:00  INFO 20320 --- [restartedMain] w.s.c.ServletWebServerApplicationContext : Root WebApplicationContext: initialization completed in 378 ms
2024-01-29T00:02:28.687+09:00 DEBUG 20320 --- [restartedMain] o.s.w.f.ServerHttpObservationFilter      : Filter 'serverHttpObservationFilter' configured for use
2024-01-29T00:02:28.687+09:00 DEBUG 20320 --- [restartedMain] o.s.web.filter.CharacterEncodingFilter   : Filter 'characterEncodingFilter' configured for use
2024-01-29T00:02:28.708+09:00  INFO 20320 --- [restartedMain] o.hibernate.jpa.internal.util.LogHelper  : HHH000204: Processing PersistenceUnitInfo [name: default]
2024-01-29T00:02:28.712+09:00  WARN 20320 --- [restartedMain] org.hibernate.orm.deprecation            : HHH90000021: Encountered deprecated setting [javax.persistence.sharedCache.mode], use [jakarta.persistence.sharedCache.mode] instead
2024-01-29T00:02:28.714+09:00  INFO 20320 --- [restartedMain] com.zaxxer.hikari.HikariDataSource       : HikariPool-3 - Starting...
2024-01-29T00:02:28.771+09:00  INFO 20320 --- [restartedMain] com.zaxxer.hikari.pool.HikariPool        : HikariPool-3 - Added connection org.mariadb.jdbc.MariaDbConnection@7a01ca4d
2024-01-29T00:02:28.771+09:00  INFO 20320 --- [restartedMain] com.zaxxer.hikari.HikariDataSource       : HikariPool-3 - Start completed.
2024-01-29T00:02:28.780+09:00  INFO 20320 --- [restartedMain] SQL dialect                              : HHH000400: Using dialect: org.hibernate.dialect.MariaDBDialect
2024-01-29T00:02:28.953+09:00  INFO 20320 --- [restartedMain] o.h.e.t.j.p.i.JtaPlatformInitiator       : HHH000490: Using JtaPlatform implementation: [org.hibernate.engine.transaction.jta.platform.internal.NoJtaPlatform]
2024-01-29T00:02:28.953+09:00  INFO 20320 --- [restartedMain] j.LocalContainerEntityManagerFactoryBean : Initialized JPA EntityManagerFactory for persistence unit 'default'
2024-01-29T00:02:29.167+09:00  INFO 20320 --- [restartedMain] c.s.api.member.service.EmailService      : EmailService 생성
2024-01-29T00:02:29.227+09:00  WARN 20320 --- [restartedMain] JpaBaseConfiguration$JpaWebConfiguration : spring.jpa.open-in-view is enabled by default. Therefore, database queries may be performed during view rendering. Explicitly configure spring.jpa.open-in-view to disable this warning
2024-01-29T00:02:29.232+09:00  INFO 20320 --- [restartedMain] com.spoparty.config.SecurityConfig       : filterChain 실행
2024-01-29T00:02:29.233+09:00  INFO 20320 --- [restartedMain] com.spoparty.config.SecurityConfig       : AuthenticationManager 생성
2024-01-29T00:02:29.234+09:00  INFO 20320 --- [restartedMain] c.s.s.jwt.JwtAuthenticationFilter        : JwtAuthenticationFilter 생성
2024-01-29T00:02:29.234+09:00  INFO 20320 --- [restartedMain] c.s.security.jwt.JwtAuthorizationFilter  : JwtAuthorizationFilter 생성
2024-01-29T00:02:29.242+09:00 DEBUG 20320 --- [restartedMain] s.w.s.m.m.a.RequestMappingHandlerMapping : 85 mappings in 'requestMappingHandlerMapping'
2024-01-29T00:02:29.274+09:00  INFO 20320 --- [restartedMain] o.s.b.a.e.web.EndpointLinksResolver      : Exposing 1 endpoint(s) beneath base path '/actuator'
2024-01-29T00:02:29.286+09:00  INFO 20320 --- [restartedMain] o.s.s.web.DefaultSecurityFilterChain     : Will secure any request with [org.springframework.security.web.session.DisableEncodeUrlFilter@464cf2e9, org.springframework.security.web.context.request.async.WebAsyncManagerIntegrationFilter@4a48be8, org.springframework.security.web.context.SecurityContextHolderFilter@d58372e, org.springframework.security.web.header.HeaderWriterFilter@28075423, org.springframework.security.web.authentication.logout.LogoutFilter@45765675, org.springframework.security.oauth2.client.web.OAuth2AuthorizationRequestRedirectFilter@26b256fb, org.springframework.security.oauth2.client.web.OAuth2LoginAuthenticationFilter@518069a6, com.spoparty.security.jwt.JwtAuthorizationFilter@30150009, com.spoparty.security.jwt.JwtAuthenticationFilter@620a82f4, org.springframework.security.web.savedrequest.RequestCacheAwareFilter@127269ef, org.springframework.security.web.servletapi.SecurityContextHolderAwareRequestFilter@4691ce, org.springframework.security.web.authentication.AnonymousAuthenticationFilter@4370efe6, org.springframework.security.web.session.SessionManagementFilter@2bf44c15, org.springframework.security.web.access.ExceptionTranslationFilter@10e1ea80, org.springframework.security.web.access.intercept.AuthorizationFilter@70b65383]
2024-01-29T00:02:29.297+09:00 DEBUG 20320 --- [restartedMain] s.w.s.m.m.a.RequestMappingHandlerAdapter : ControllerAdvice beans: 0 @ModelAttribute, 0 @InitBinder, 1 RequestBodyAdvice, 1 ResponseBodyAdvice
2024-01-29T00:02:29.300+09:00 DEBUG 20320 --- [restartedMain] .m.m.a.ExceptionHandlerExceptionResolver : ControllerAdvice beans: 1 @ExceptionHandler, 1 ResponseBodyAdvice
2024-01-29T00:02:29.351+09:00  INFO 20320 --- [restartedMain] o.s.b.d.a.OptionalLiveReloadServer       : LiveReload server is running on port 35729
2024-01-29T00:02:29.364+09:00  INFO 20320 --- [restartedMain] o.s.b.w.embedded.tomcat.TomcatWebServer  : Tomcat started on port(s): 9090 (http) with context path ''
2024-01-29T00:02:29.368+09:00  INFO 20320 --- [restartedMain] com.spoparty.GroupCallApplication        : Started GroupCallApplication in 1.102 seconds (process running for 106.788)
2024-01-29T00:02:29.371+09:00  INFO 20320 --- [restartedMain] .ConditionEvaluationDeltaLoggingListener : Condition evaluation unchanged
2024-01-29T00:02:31.678+09:00  INFO 20320 --- [http-nio-9090-exec-6] o.a.c.c.C.[Tomcat].[localhost].[/]       : Initializing Spring DispatcherServlet 'dispatcherServlet'
2024-01-29T00:02:31.679+09:00  INFO 20320 --- [http-nio-9090-exec-6] o.s.web.servlet.DispatcherServlet        : Initializing Servlet 'dispatcherServlet'
2024-01-29T00:02:31.679+09:00 DEBUG 20320 --- [http-nio-9090-exec-6] o.s.web.servlet.DispatcherServlet        : Detected StandardServletMultipartResolver
2024-01-29T00:02:31.681+09:00 DEBUG 20320 --- [http-nio-9090-exec-6] o.s.web.servlet.DispatcherServlet        : Detected AcceptHeaderLocaleResolver
2024-01-29T00:02:31.681+09:00 DEBUG 20320 --- [http-nio-9090-exec-6] o.s.web.servlet.DispatcherServlet        : Detected FixedThemeResolver
2024-01-29T00:02:31.682+09:00 DEBUG 20320 --- [http-nio-9090-exec-6] o.s.web.servlet.DispatcherServlet        : Detected org.springframework.web.servlet.view.DefaultRequestToViewNameTranslator@574c300a
2024-01-29T00:02:31.682+09:00 DEBUG 20320 --- [http-nio-9090-exec-6] o.s.web.servlet.DispatcherServlet        : Detected org.springframework.web.servlet.support.SessionFlashMapManager@79af6b4f
2024-01-29T00:02:31.682+09:00 DEBUG 20320 --- [http-nio-9090-exec-6] o.s.web.servlet.DispatcherServlet        : enableLoggingRequestDetails='false': request parameters and headers will be masked to prevent unsafe logging of potentially sensitive data
2024-01-29T00:02:31.682+09:00  INFO 20320 --- [http-nio-9090-exec-6] o.s.web.servlet.DispatcherServlet        : Completed initialization in 3 ms
2024-01-29T00:02:31.684+09:00  INFO 20320 --- [http-nio-9090-exec-6] c.s.security.jwt.JwtAuthorizationFilter  : JwtAuthorizationFilter.doFilterInternal() : 인증 및 권한 확인
2024-01-29T00:02:31.684+09:00  INFO 20320 --- [http-nio-9090-exec-6] c.s.security.jwt.JwtAuthorizationFilter  : jwtHeader: null
2024-01-29T00:02:31.684+09:00 ERROR 20320 --- [http-nio-9090-exec-6] c.s.security.jwt.JwtAuthorizationFilter  : 권한없음!!!!
2024-01-29T00:02:31.684+09:00 DEBUG 20320 --- [http-nio-9090-exec-6] s.w.s.m.m.a.RequestMappingHandlerMapping : Mapped to com.spoparty.api.football.controller.LeagueController#showLeagueByTeamRank(Optional)
2024-01-29T00:02:31.684+09:00 DEBUG 20320 --- [http-nio-9090-exec-6] s.w.s.m.m.a.RequestMappingHandlerMapping : Mapped to com.spoparty.api.football.controller.LeagueController#showLeagueByTeamRank(Optional)
2024-01-29T00:02:31.685+09:00 DEBUG 20320 --- [http-nio-9090-exec-6] s.w.s.m.m.a.RequestMappingHandlerMapping : Mapped to com.spoparty.api.football.controller.LeagueController#showLeagueByTeamRank(Optional)
2024-01-29T00:02:31.685+09:00 DEBUG 20320 --- [http-nio-9090-exec-6] s.w.s.m.m.a.RequestMappingHandlerMapping : Mapped to com.spoparty.api.football.controller.LeagueController#showLeagueByTeamRank(Optional)
2024-01-29T00:02:31.686+09:00 DEBUG 20320 --- [http-nio-9090-exec-6] o.s.web.servlet.DispatcherServlet        : GET "/api/v1/football/leagues/rank/d", parameters={}
2024-01-29T00:02:31.686+09:00 DEBUG 20320 --- [http-nio-9090-exec-6] s.w.s.m.m.a.RequestMappingHandlerMapping : Mapped to com.spoparty.api.football.controller.LeagueController#showLeagueByTeamRank(Optional)
2024-01-29T00:02:31.687+09:00 DEBUG 20320 --- [http-nio-9090-exec-6] o.s.web.method.HandlerMethod             : Could not resolve parameter [0] in org.springframework.http.ResponseEntity com.spoparty.api.football.controller.LeagueController.showLeagueByTeamRank(java.util.Optional<java.lang.Integer>): Failed to convert value of type 'java.lang.String' to required type 'java.util.Optional'; Failed to convert from type [java.lang.String] to type [@org.springframework.web.bind.annotation.PathVariable java.lang.Integer] for value 'd'
2024-01-29T00:02:31.687+09:00  WARN 20320 --- [http-nio-9090-exec-6] .w.s.m.s.DefaultHandlerExceptionResolver : Resolved [org.springframework.web.method.annotation.MethodArgumentTypeMismatchException: Failed to convert value of type 'java.lang.String' to required type 'java.util.Optional'; Failed to convert from type [java.lang.String] to type [@org.springframework.web.bind.annotation.PathVariable java.lang.Integer] for value 'd']
2024-01-29T00:02:31.687+09:00 DEBUG 20320 --- [http-nio-9090-exec-6] o.s.web.servlet.DispatcherServlet        : Completed 400 BAD_REQUEST
2024-01-29T00:02:31.690+09:00 DEBUG 20320 --- [http-nio-9090-exec-6] s.w.s.m.m.a.RequestMappingHandlerMapping : Mapped to org.springframework.boot.autoconfigure.web.servlet.error.BasicErrorController#error(HttpServletRequest)
2024-01-29T00:02:31.690+09:00 DEBUG 20320 --- [http-nio-9090-exec-6] s.w.s.m.m.a.RequestMappingHandlerMapping : Mapped to org.springframework.boot.autoconfigure.web.servlet.error.BasicErrorController#error(HttpServletRequest)
2024-01-29T00:02:31.690+09:00 DEBUG 20320 --- [http-nio-9090-exec-6] s.w.s.m.m.a.RequestMappingHandlerMapping : Mapped to org.springframework.boot.autoconfigure.web.servlet.error.BasicErrorController#error(HttpServletRequest)
2024-01-29T00:02:31.690+09:00 DEBUG 20320 --- [http-nio-9090-exec-6] s.w.s.m.m.a.RequestMappingHandlerMapping : Mapped to org.springframework.boot.autoconfigure.web.servlet.error.BasicErrorController#error(HttpServletRequest)
2024-01-29T00:02:31.691+09:00 DEBUG 20320 --- [http-nio-9090-exec-6] o.s.web.servlet.DispatcherServlet        : "ERROR" dispatch for GET "/error", parameters={}
2024-01-29T00:02:31.691+09:00 DEBUG 20320 --- [http-nio-9090-exec-6] s.w.s.m.m.a.RequestMappingHandlerMapping : Mapped to org.springframework.boot.autoconfigure.web.servlet.error.BasicErrorController#error(HttpServletRequest)
2024-01-29T00:02:31.693+09:00 DEBUG 20320 --- [http-nio-9090-exec-6] o.s.w.s.m.m.a.HttpEntityMethodProcessor  : Using 'application/json', given [*/*] and supported [application/json, application/*+json]
2024-01-29T00:02:31.693+09:00 DEBUG 20320 --- [http-nio-9090-exec-6] o.s.w.s.m.m.a.HttpEntityMethodProcessor  : Writing [{timestamp=Mon Jan 29 00:02:31 KST 2024, status=400, error=Bad Request, trace=org.springframework.we (truncated)...]
2024-01-29T00:02:31.695+09:00 DEBUG 20320 --- [http-nio-9090-exec-6] o.s.web.servlet.DispatcherServlet        : Exiting from "ERROR" dispatch, status 400
